<html>
<body>
<pre>
<h1>Vision3 Build Log</h1>
<h2>Project:</h2>
C:\Users\Administrator\Desktop\毕业设计作品\fingerprint_identification\my_work.uv2
Project File Date:  05/02/2016

<h2>Output:</h2>
Build target 'Target 1'
compiling delay.c...
compiling FPM10A.c...
compiling key.c...
compiling lcd_12864.c...
compiling main.c...
compiling uart.c...
linking...
Program Size: data=72.0 xdata=0 code=2903
"my_work" - 0 Error(s), 0 Warning(s).
Build target 'Target 1'
compiling delay.c...
DELAY.C(12): warning C206: 'delay_us': missing function-prototype
DELAY.C(12): error C267: 'delay_us': requires ANSI-style prototype
compiling FPM10A.c...
compiling key.c...
compiling lcd_12864.c...
LCD_12864.C(41): warning C206: 'delay_us': missing function-prototype
LCD_12864.C(41): error C267: 'delay_us': requires ANSI-style prototype
compiling main.c...
MAIN.C(34): error C202: 'curr': undefined identifier
compiling uart.c...
Target not created
Build target 'Target 1'
compiling delay.c...
DELAY.C(12): warning C206: 'delay_us': missing function-prototype
DELAY.C(12): error C267: 'delay_us': requires ANSI-style prototype
compiling lcd_12864.c...
LCD_12864.C(41): warning C206: 'delay_us': missing function-prototype
LCD_12864.C(41): error C267: 'delay_us': requires ANSI-style prototype
compiling main.c...
Target not created
Build target 'Target 1'
compiling delay.c...
DELAY.C(12): warning C206: 'delay_us': missing function-prototype
DELAY.C(12): error C267: 'delay_us': requires ANSI-style prototype
compiling lcd_12864.c...
LCD_12864.C(43): warning C206: 'delay_us': missing function-prototype
LCD_12864.C(43): error C267: 'delay_us': requires ANSI-style prototype
Target not created
Build target 'Target 1'
compiling delay.c...
DELAY.C(12): warning C206: 'delay_us': missing function-prototype
DELAY.C(12): error C267: 'delay_us': requires ANSI-style prototype
compiling FPM10A.c...
compiling key.c...
compiling lcd_12864.c...
LCD_12864.C(151): error C202: 'curr': undefined identifier
compiling main.c...
compiling uart.c...
Target not created
Build target 'Target 1'
compiling delay.c...
compiling FPM10A.c...
compiling key.c...
compiling lcd_12864.c...
LCD_12864.C(151): error C202: 'curr': undefined identifier
compiling main.c...
compiling uart.c...
Target not created
Build target 'Target 1'
compiling delay.c...
compiling FPM10A.c...
compiling key.c...
compiling lcd_12864.c...
compiling main.c...
compiling uart.c...
linking...
*** WARNING L1: UNRESOLVED EXTERNAL SYMBOL
    SYMBOL:  FPM10A_RECEICE_BUFFER
    MODULE:  FPM10A.obj (FPM10A)
*** WARNING L2: REFERENCE MADE TO UNRESOLVED EXTERNAL
    SYMBOL:  FPM10A_RECEICE_BUFFER
    MODULE:  FPM10A.obj (FPM10A)
    ADDRESS: 0A46H
*** WARNING L2: REFERENCE MADE TO UNRESOLVED EXTERNAL
    SYMBOL:  FPM10A_RECEICE_BUFFER
    MODULE:  FPM10A.obj (FPM10A)
    ADDRESS: 00F8H
*** WARNING L2: REFERENCE MADE TO UNRESOLVED EXTERNAL
    SYMBOL:  FPM10A_RECEICE_BUFFER
    MODULE:  FPM10A.obj (FPM10A)
    ADDRESS: 012FH
*** WARNING L2: REFERENCE MADE TO UNRESOLVED EXTERNAL
    SYMBOL:  FPM10A_RECEICE_BUFFER
    MODULE:  FPM10A.obj (FPM10A)
    ADDRESS: 0448H
*** WARNING L2: REFERENCE MADE TO UNRESOLVED EXTERNAL
    SYMBOL:  FPM10A_RECEICE_BUFFER
    MODULE:  FPM10A.obj (FPM10A)
    ADDRESS: 0465H
*** WARNING L2: REFERENCE MADE TO UNRESOLVED EXTERNAL
    SYMBOL:  FPM10A_RECEICE_BUFFER
    MODULE:  FPM10A.obj (FPM10A)
    ADDRESS: 0485H
*** WARNING L2: REFERENCE MADE TO UNRESOLVED EXTERNAL
    SYMBOL:  FPM10A_RECEICE_BUFFER
    MODULE:  FPM10A.obj (FPM10A)
    ADDRESS: 048BH
*** WARNING L2: REFERENCE MADE TO UNRESOLVED EXTERNAL
    SYMBOL:  FPM10A_RECEICE_BUFFER
    MODULE:  FPM10A.obj (FPM10A)
    ADDRESS: 0524H
*** WARNING L2: REFERENCE MADE TO UNRESOLVED EXTERNAL
    SYMBOL:  FPM10A_RECEICE_BUFFER
    MODULE:  FPM10A.obj (FPM10A)
    ADDRESS: 056DH
Program Size: data=72.0 xdata=0 code=2906
"my_work" - 0 Error(s), 10 Warning(s).
Build target 'Target 1'
compiling FPM10A.c...
linking...
Program Size: data=72.0 xdata=0 code=2908
"my_work" - 0 Error(s), 0 Warning(s).
Build target 'Target 1'
compiling FPM10A.c...
linking...
Program Size: data=72.0 xdata=0 code=2908
"my_work" - 0 Error(s), 0 Warning(s).
Build target 'Target 1'
linking...
Program Size: data=72.0 xdata=0 code=2908
"my_work" - 0 Error(s), 0 Warning(s).
